/*C3*/SET SCHEMA PUBLIC
DISCONNECT
/*C4*/SET SCHEMA PUBLIC
CREATE TABLE PUBLIC.PARENT\u000a(\u000a  ID int PRIMARY KEY IDENTITY,\u000a  NAME varchar(255)\u000a)
/*C5*/SET SCHEMA PUBLIC
DISCONNECT
/*C4*/CREATE TABLE PUBLIC.CHILD\u000a(\u000a  ID_CHILD int PRIMARY KEY IDENTITY,\u000a  NAME_CHILD varchar(255)\u000a)
/*C6*/SET SCHEMA PUBLIC
DISCONNECT
/*C7*/SET SCHEMA PUBLIC
DISCONNECT
/*C8*/SET SCHEMA PUBLIC
ALTER TABLE PUBLIC.PARENT ALTER COLUMN ID RENAME TO ID_PARENT
DISCONNECT
/*C9*/SET SCHEMA PUBLIC
ALTER TABLE PUBLIC.CHILD ADD CH_ID_PARENT int NULL
DISCONNECT
/*C10*/SET SCHEMA PUBLIC
DISCONNECT
/*C11*/SET SCHEMA PUBLIC
ALTER TABLE PUBLIC.CHILD\u000aADD CONSTRAINT CHILD_PARENT_ID_PARENT_fk\u000aFOREIGN KEY (CH_ID_PARENT) REFERENCES PARENT (ID_PARENT)
DISCONNECT
/*C12*/SET SCHEMA PUBLIC
DISCONNECT
